<testsuite name="empiapi-impl-test-suite" time="3.417" failures="0" errors="0" skipped="0" tests="4">
  <properties>
[...]
</properties>
  <testcase time="0.06" name="empiapi-impl-test-suite-its-empi-api-getHealthNetIdTest" classname="empiapi-impl-test-suite"/>
  <testcase time="1.129" name="empiapi-impl-test-suite-its-empi-api-searchPatient-flowTest" classname="empiapi-impl-test-suite"/>
  <testcase time="0.107" name="empiapi-impl-test-suite-its-empi-api-getPatientBySourceID-flowTest" classname="empiapi-impl-test-suite"/>
  <testcase time="0.251" name="empiapi-impl-test-suite-its-empi-api-getPatientByEnterpriseID-flowTest" classname="empiapi-impl-test-suite"/>
</testsuite>